Arguments: 
  /home/prajna/.config/nvm/versions/node/v14.17.4/bin/node /home/prajna/.config/nvm/versions/node/v14.17.4/bin/yarn install --mutex network:42424 --non-interactive

PATH: 
  /home/prajna/workspace/pra-hook/node_modules/.bin:/home/prajna/workspace/node_modules/.bin:/home/prajna/node_modules/.bin:/home/node_modules/.bin:/node_modules/.bin:/home/prajna/.config/nvm/versions/node/v14.17.4/lib/node_modules/npm/node_modules/@npmcli/run-script/lib/node-gyp-bin:/home/prajna/.rbenv/shims:/home/prajna/.config/nvm/versions/node/v14.17.4/bin:/home/prajna/bin:/usr/local/bin:/home/prajna/.vscode-server/bin/7f6ab5485bbc008386c4386d08766667e155244e/bin:/home/prajna/.config/nvm/versions/node/v14.17.4/bin:/home/prajna/.zinit/polaris/bin:/home/prajna/bin:/usr/local/bin:/usr/local/sbin:/usr/local/bin:/usr/sbin:/usr/bin:/sbin:/bin:/usr/games:/usr/local/games:/usr/lib/wsl/lib:/mnt/c/WINDOWS/system32:/mnt/c/WINDOWS:/mnt/c/WINDOWS/System32/Wbem:/mnt/c/WINDOWS/System32/WindowsPowerShell/v1.0/:/mnt/c/WINDOWS/System32/OpenSSH/:/mnt/c/Program Files/dotnet/:/mnt/c/Program Files/PowerShell/7/:/mnt/c/Users/hqwuz/scoop/shims:/mnt/c/Users/hqwuz/AppData/Local/Microsoft/WindowsApps:/mnt/c/Users/hqwuz/AppData/Local/Microsoft/WindowsApps:/mnt/c/Users/hqwuz/AppData/Local/Programs/Microsoft VS Code/bin

Yarn version: 
  1.22.11

Node version: 
  14.17.4

Platform: 
  linux x64

Trace: 
  Error: https://registry.npmjs.org/@pra-hooks%2fuse-backforth: Not found
      at Request.params.callback [as _callback] (/home/prajna/.config/nvm/versions/node/v14.17.4/lib/node_modules/yarn/lib/cli.js:66992:18)
      at Request.self.callback (/home/prajna/.config/nvm/versions/node/v14.17.4/lib/node_modules/yarn/lib/cli.js:140763:22)
      at Request.emit (events.js:400:28)
      at Request.<anonymous> (/home/prajna/.config/nvm/versions/node/v14.17.4/lib/node_modules/yarn/lib/cli.js:141735:10)
      at Request.emit (events.js:400:28)
      at IncomingMessage.<anonymous> (/home/prajna/.config/nvm/versions/node/v14.17.4/lib/node_modules/yarn/lib/cli.js:141657:12)
      at Object.onceWrapper (events.js:519:28)
      at IncomingMessage.emit (events.js:412:35)
      at endReadableNT (internal/streams/readable.js:1317:12)
      at processTicksAndRejections (internal/process/task_queues.js:82:21)

npm manifest: 
  {
  	"name": "pra-hooks",
  	"version": "1.0.3",
  	"description": "> TODO: description",
  	"author": "hqwuzhaoyi <hqwuzhaoyi@gmail.com>",
  	"homepage": "https://github.com/hqwuzhaoyi/pra-hooks/tree/main/packages/pra-hooks#readme",
  	"main": "./lib/index.js",
  	"module": "./es/index.esm.js",
  	"types": "./lib/index.d.ts",
  	"unpkg": "dist/pra-hooks.js",
  	"directories": {
  		"lib": "lib",
  		"test": "__tests__"
  	},
  	"files": [
  		"lib"
  	],
  	"repository": {
  		"type": "git",
  		"url": "git+https://github.com/hqwuzhaoyi/pra-hooks.git"
  	},
  	"bugs": {
  		"url": "https://github.com/hqwuzhaoyi/pra-hooks/issues"
  	},
  	"dependencies": {
  		"@pra-hooks/use-backforth": "^0.0.2"
  	},
  	"engines": {
  		"node": ">=8.0.0"
  	},
  	"license": "MIT",
  	"gitHead": "2235b1e93046329e2e6fbea02bf33a5350e57f03"
  }

yarn manifest: 
  No manifest

Lockfile: 
  No lockfile
